<?xml version="1.0" encoding="UTF-8"?>
<!-- Generated by org.testng.reporters.JUnitReportReporter -->
<testsuite hostname="DESKTOP-TGPHOC5" failures="0" tests="3" name="idempotentOperations.Test_Runner" time="1.715" errors="0" timestamp="2021-12-06T21:16:48 IST" skipped="0">
  <testcase classname="idempotentOperations.Test_Runner" name="Put" time="0.251"/>
  <system-out/>
  <testcase classname="idempotentOperations.Test_Runner" name="Delete" time="1.393"/>
  <system-out/>
  <testcase classname="idempotentOperations.Test_Runner" name="Get" time="0.071"/>
  <system-out/>
</testsuite> <!-- idempotentOperations.Test_Runner -->
