<?xml version="1.0" encoding="UTF-8"?>
<!-- Generated by org.testng.reporters.JUnitReportReporter -->
<testsuite ignored="0" hostname="DESKTOP-TGPHOC5" failures="0" tests="1" name="testng.Testrunner" time="43.004" errors="0" timestamp="08 Dec 2021 07:47:24 GMT" skipped="0">
  <testcase classname="testng.Testrunner" name="runScenario" time="43.004"/>
</testsuite> <!-- testng.Testrunner -->
