<?xml version="1.0" encoding="UTF-8"?>
<!-- Generated by org.testng.reporters.JUnitReportReporter -->
<testsuite hostname="DESKTOP-TGPHOC5" failures="0" tests="2" name="testrunner.Sample" time="0.013" errors="0" timestamp="13 Dec 2021 06:34:44 GMT" skipped="0">
  <testcase classname="testrunner.Sample" name="secondtest" time="0.002"/>
  <testcase classname="testrunner.Sample" name="firsttest" time="0.011"/>
</testsuite> <!-- testrunner.Sample -->
