<?xml version="1.0" encoding="UTF-8"?>
<!-- Generated by org.testng.reporters.JUnitReportReporter -->
<testsuite hostname="LAPTOP-BHNQPE11" failures="0" tests="10" name="NewTest1" time="52.453" errors="0" timestamp="2021-11-02T08:32:47 IST" skipped="0">
  <testcase classname="NewTest1" name="f" time="1.756"/>
  <system-out/>
  <testcase classname="NewTest1" name="f6" time="0.978"/>
  <system-out/>
  <testcase classname="NewTest1" name="f7" time="3.075"/>
  <system-out/>
  <testcase classname="NewTest1" name="f4" time="0.072"/>
  <system-out/>
  <testcase classname="NewTest1" name="f5" time="0.068"/>
  <system-out/>
  <testcase classname="NewTest1" name="m" time="13.508"/>
  <system-out/>
  <testcase classname="NewTest1" name="f3" time="2.392"/>
  <system-out/>
  <testcase classname="NewTest1" name="a" time="0.067"/>
  <system-out/>
  <testcase classname="NewTest1" name="f2" time="20.953"/>
  <system-out/>
  <testcase classname="NewTest1" name="f1" time="9.584"/>
  <system-out/>
</testsuite> <!-- NewTest1 -->
