<?xml version="1.0" encoding="UTF-8"?>
<!-- Generated by org.testng.reporters.JUnitReportReporter -->
<testsuite ignored="0" hostname="DESKTOP-TGPHOC5" failures="0" tests="1" name="testng.Testrunner" time="34.601" errors="0" timestamp="13 Dec 2021 15:27:43 GMT" skipped="0">
  <testcase classname="testng.Testrunner" name="runScenario" time="34.601"/>
</testsuite> <!-- testng.Testrunner -->
